[2018-09-26T16:43:00.341] [INFO] console - SpeechRecongniseClient  还剩余 62230 秒开始定时执行, 每间隔 10 秒执行一次
[2018-09-26T16:43:00.344] [INFO] console - 

[2018-09-26T16:43:00.344] [INFO] console - ------------------------start handle------------------------------
[2018-09-26T16:43:10.352] [ERROR] error - MySqlCacheManager getAllUnTranslateList [SELECT ERROR] -  connect ETIMEDOUT
[2018-09-26T16:43:10.353] [INFO] console - 

[2018-09-26T16:43:10.354] [INFO] console - ---getNeedHandleFiles rsArr: false
[2018-09-26T16:43:10.355] [INFO] console - ---groupPromise: []
[2018-09-26T16:43:10.355] [INFO] console - ---getNeedHandleFiles 从数据拿取数据,下载音频文件 cost time: 10 秒
[2018-09-26T16:43:10.356] [INFO] console - 

[2018-09-26T16:43:10.357] [INFO] console - --------------------------------rmdirOnlyDir : C:\Users\Administrator\Documents\GitHub\speechRecognise\asset\audioPathCache  excludeDirs: []
[2018-09-26T16:43:10.359] [INFO] console - -------------------------end handle all Task cost time: 10 秒---------------------------
[2018-09-26T16:43:10.360] [INFO] console - 

[2018-09-26T16:47:19.912] [INFO] error - SpeechRecongniseClient  还剩余 61971 秒开始定时执行, 每间隔 10 秒执行一次
[2018-09-26T16:47:19.914] [INFO] error - 

[2018-09-26T16:47:19.914] [INFO] error - ------------------------start handle------------------------------
[2018-09-26T16:47:29.920] [ERROR] error - MySqlCacheManager getAllUnTranslateList [SELECT ERROR] -  connect ETIMEDOUT
[2018-09-26T16:47:29.920] [INFO] error - 

[2018-09-26T16:47:29.920] [INFO] error - ---getNeedHandleFiles rsArr: false
[2018-09-26T16:47:29.920] [INFO] error - ---groupPromise: []
[2018-09-26T16:47:29.920] [INFO] error - ---getNeedHandleFiles 从数据拿取数据,下载音频文件 cost time: 10 秒
[2018-09-26T16:47:29.920] [INFO] error - 

[2018-09-26T16:47:29.921] [INFO] error - --------------------------------rmdirOnlyDir : C:\Users\Administrator\Documents\GitHub\speechRecognise\asset\audioPathCache  excludeDirs: []
[2018-09-26T16:47:29.921] [INFO] error - -------------------------end handle all Task cost time: 10 秒---------------------------
[2018-09-26T16:47:29.921] [INFO] error - 

[2018-09-26T16:48:22.128] [INFO] error - SpeechRecongniseClient  还剩余 61908 秒开始定时执行, 每间隔 10 秒执行一次
[2018-09-26T16:48:22.129] [INFO] error - 

[2018-09-26T16:48:22.130] [INFO] error - ------------------------start handle------------------------------
[2018-09-26T16:48:32.136] [ERROR] error - MySqlCacheManager getAllUnTranslateList [SELECT ERROR] -  connect ETIMEDOUT
[2018-09-26T16:48:32.137] [INFO] error - 

[2018-09-26T16:48:32.137] [INFO] error - ---getNeedHandleFiles rsArr: false
[2018-09-26T16:48:32.137] [INFO] error - ---groupPromise: []
[2018-09-26T16:48:32.137] [INFO] error - ---getNeedHandleFiles 从数据拿取数据,下载音频文件 cost time: 10 秒
[2018-09-26T16:48:32.137] [INFO] error - 

[2018-09-26T16:48:32.138] [INFO] error - --------------------------------rmdirOnlyDir : C:\Users\Administrator\Documents\GitHub\speechRecognise\asset\audioPathCache  excludeDirs: []
[2018-09-26T16:48:32.139] [INFO] error - -------------------------end handle all Task cost time: 10 秒---------------------------
[2018-09-26T16:48:32.139] [INFO] error - 

[2018-09-26T16:49:22.695] [INFO] error - SpeechRecongniseClient  还剩余 61848 秒开始定时执行, 每间隔 10 秒执行一次
[2018-09-26T16:49:22.696] [INFO] error - 

[2018-09-26T16:49:22.697] [INFO] error - ------------------------start handle------------------------------
[2018-09-26T16:49:32.701] [ERROR] error - MySqlCacheManager getAllUnTranslateList [SELECT ERROR] -  connect ETIMEDOUT
[2018-09-26T16:49:32.702] [INFO] error - 

[2018-09-26T16:49:32.702] [INFO] error - ---getNeedHandleFiles rsArr: false
[2018-09-26T16:49:32.702] [INFO] error - ---groupPromise: []
[2018-09-26T16:49:32.702] [INFO] error - ---getNeedHandleFiles 从数据拿取数据,下载音频文件 cost time: 10 秒
[2018-09-26T16:49:32.702] [INFO] error - 

[2018-09-26T16:49:32.702] [INFO] error - --------------------------------rmdirOnlyDir : C:\Users\Administrator\Documents\GitHub\speechRecognise\asset\audioPathCache  excludeDirs: []
[2018-09-26T16:49:32.703] [INFO] error - -------------------------end handle all Task cost time: 10 秒---------------------------
[2018-09-26T16:49:32.703] [INFO] error - 

[2018-09-26T16:50:04.472] [INFO] error - SpeechRecongniseClient  还剩余 61806 秒开始定时执行, 每间隔 10 秒执行一次
[2018-09-26T16:50:04.474] [INFO] error - 

[2018-09-26T16:50:04.474] [INFO] error - ------------------------start handle------------------------------
[2018-09-26T16:50:14.484] [ERROR] error - MySqlCacheManager getAllUnTranslateList [SELECT ERROR] -  connect ETIMEDOUT
[2018-09-26T16:50:14.485] [INFO] error - 

[2018-09-26T16:50:14.485] [INFO] error - ---getNeedHandleFiles rsArr: false
[2018-09-26T16:50:14.486] [INFO] error - ---groupPromise: []
[2018-09-26T16:50:14.486] [INFO] error - ---getNeedHandleFiles 从数据拿取数据,下载音频文件 cost time: 10 秒
[2018-09-26T16:50:14.486] [INFO] error - 

[2018-09-26T16:50:14.487] [INFO] error - --------------------------------rmdirOnlyDir : C:\Users\Administrator\Documents\GitHub\speechRecognise\asset\audioPathCache  excludeDirs: []
[2018-09-26T16:50:14.489] [INFO] error - -------------------------end handle all Task cost time: 10 秒---------------------------
[2018-09-26T16:50:14.489] [INFO] error - 

[2018-09-26T16:50:51.740] [INFO] error - SpeechRecongniseClient  还剩余 61759 秒开始定时执行, 每间隔 10 秒执行一次
[2018-09-26T16:50:51.742] [INFO] error - 

[2018-09-26T16:50:51.742] [INFO] error - ------------------------start handle------------------------------
[2018-09-26T16:51:01.749] [ERROR] error - MySqlCacheManager getAllUnTranslateList [SELECT ERROR] -  connect ETIMEDOUT
[2018-09-26T16:51:01.749] [INFO] error - 

[2018-09-26T16:51:01.750] [INFO] error - ---getNeedHandleFiles rsArr: false
[2018-09-26T16:51:01.750] [INFO] error - ---groupPromise: []
[2018-09-26T16:51:01.750] [INFO] error - ---getNeedHandleFiles 从数据拿取数据,下载音频文件 cost time: 10 秒
[2018-09-26T16:51:01.750] [INFO] error - 

[2018-09-26T16:51:01.750] [INFO] error - --------------------------------rmdirOnlyDir : C:\Users\Administrator\Documents\GitHub\speechRecognise\asset\audioPathCache  excludeDirs: []
[2018-09-26T16:51:01.751] [INFO] error - -------------------------end handle all Task cost time: 10 秒---------------------------
[2018-09-26T16:51:01.751] [INFO] error - 

[2018-09-26T17:08:46.116] [INFO] error - SpeechRecongniseClient  还剩余 60684 秒开始定时执行, 每间隔 10 秒执行一次
[2018-09-26T17:08:46.118] [INFO] error - 

[2018-09-26T17:08:46.118] [INFO] error - ------------------------start handle------------------------------
[2018-09-26T17:08:56.125] [ERROR] error - MySqlCacheManager getAllUnTranslateList [SELECT ERROR] -  connect ETIMEDOUT
[2018-09-26T17:08:56.126] [INFO] error - 

[2018-09-26T17:08:56.126] [INFO] error - ---getNeedHandleFiles rsArr: false
[2018-09-26T17:08:56.126] [INFO] error - ---groupPromise: []
[2018-09-26T17:08:56.126] [INFO] error - ---getNeedHandleFiles 从数据拿取数据,下载音频文件 cost time: 10 秒
[2018-09-26T17:08:56.126] [INFO] error - 

[2018-09-26T17:08:56.127] [INFO] error - --------------------------------rmdirOnlyDir : C:\Users\Administrator\Documents\GitHub\speechRecognise\asset\audioPathCache  excludeDirs: []
[2018-09-26T17:08:56.128] [INFO] error - -------------------------end handle all Task cost time: 10 秒---------------------------
[2018-09-26T17:08:56.128] [INFO] error - 

